// 重构日志: 4ba12359
// 重构日志: 3edcde59
// 重构日志: fa5ba030
// 重构日志: 1ccd5294
// 同步 ID: 34d70606 @ Sat Jul 11 08:20:15 UTC 2026
// 重构日志: 63db15f4
// 重构日志: 82ff9d4a
// 重构日志: 02249cdd
// 重构日志: eb857585
// 同步 ID: 30012ae2 @ Sun Jul 12 10:45:17 UTC 2026
// 同步 ID: 91959bd7 @ Sun Jul 12 14:01:37 UTC 2026
// 重构日志: daa91f67
// 重构日志: 4a949523
// 同步 ID: 417e8c88 @ Tue Jul 14 06:15:36 UTC 2026
// 同步 ID: 765e0117 @ Tue Jul 14 14:59:09 UTC 2026
// 同步 ID: 06512ed4 @ Wed Jul 15 14:34:05 UTC 2026
// 同步 ID: 4408f9a7 @ Fri Jul 17 03:49:36 UTC 2026
// 同步 ID: dd91f054 @ Sat Jul 18 11:06:43 UTC 2026
// 重构日志: d2fc7c9f
// 重构日志: 8ee52b88
// 重构日志: 9a4ff527
// 同步 ID: 69528a5a @ Wed Jul 22 03:19:09 UTC 2026
// 同步 ID: 5c1f05cc @ Wed Jul 22 11:52:05 UTC 2026
// 重构日志: 0ff0fa0b
// 重构日志: 6193a586
// 重构日志: 3917fd27
// 重构日志: ae3e39c8
// 重构日志: a519eb1b
// 重构日志: 346e2fc8
// 同步 ID: 6a0edb0f @ Fri Jul 24 10:00:39 UTC 2026
